Budowanie dla platform docelowych: armv6l-tizen_softfp-linux-gnueabi
Budowanie dla armv6l-tizen_softfp-linux-gnueabi
Wykonywanie(%prep): /bin/sh -e /var/tmp/rpm-tmp.nyaAlh
+ umask 022
+ cd /home/pub/rpmbuild/BUILD
+ LANG=C
+ export LANG
+ unset DISPLAY
+ cd /home/pub/rpmbuild/BUILD
+ rm -rf rpm-4.11.0.1
+ /bin/bzip2 -dc /home/pub/rpmbuild/SOURCES/rpm-4.11.0.1.tar.bz2
+ /bin/tar -xf -
+ STATUS=0
+ '[' 0 -ne 0 ']'
+ cd rpm-4.11.0.1
+ /bin/chmod -Rf a+rX,u+w,g-w,o-w .
+ cp /home/pub/rpmbuild/SOURCES/rpm.manifest .
+ rm -rf sqlite
+ tar xjf /home/pub/rpmbuild/SOURCES/db-4.8.30.tar.bz2
+ ln -s db-4.8.30 db
+ chmod -R u+w db/LICENSE db/README db/btree db/build_brew db/build_s60 db/build_unix db/build_vxworks db/build_wince db/build_windows db/clib db/common db/crypto db/csharp db/cxx db/db db/db185 db/db_archive db/db_checkpoint db/db_deadlock db/db_dump db/db_dump185 db/db_hotbackup db/db_load db/db_printlog db/db_recover db/db_sql db/db_stat db/db_upgrade db/db_verify db/dbinc db/dbinc_auto db/dbm db/dbreg db/dist db/docs db/docs_src db/env db/examples_c db/examples_csharp db/examples_cxx db/examples_java db/examples_stl db/fileops db/hash db/hmac db/hsearch db/java db/libdb_csharp db/libdb_java db/lock db/log db/mod_db4 db/mp db/mutex db/os db/os_brew db/os_qnx db/os_s60 db/os_vxworks db/os_windows db/perl db/php_db4 db/qam db/rep db/repmgr db/sequence db/stl db/tcl db/test db/test_micro db/test_stl db/txn
+ rm -f rpmdb/db.h
+ patch -p0
patching file db/db/db.c
patching file db/db/db_iface.c
patching file db/dbinc/mp.h
patching file db/dbinc_auto/api_flags.in
patching file db/dist/s_config
patching file db/mp/mp_sync.c
+ '[' -s /etc/rpm/tizen_macros ']'
+ cp -a /home/pub/rpmbuild/SOURCES/rpm-tizen_macros tizen_macros
+ rm -f m4/libtool.m4
+ rm -f 'm4/lt*.m4'
+ exit 0
Wykonywanie(%build): /bin/sh -e /var/tmp/rpm-tmp.YFiczI
+ umask 022
+ cd /home/pub/rpmbuild/BUILD
+ cd rpm-4.11.0.1
+ LANG=C
+ export LANG
+ unset DISPLAY
+ CFLAGS='-O2 -g -march=armv6'
+ export CFLAGS
+ CXXFLAGS='-O2 -g -march=armv6'
+ export CXXFLAGS
+ FFLAGS='-O2 -g -march=armv6 -I%_fmoddir'
+ export FFLAGS
+ LD_AS_NEEDED=1
+ export LD_AS_NEEDED
++ pkg-config --cflags nss
+ CPPFLAGS=' -I/usr/include/nss -I/usr/include/nspr '
+ export CPPFLAGS
+ export 'CFLAGS=-O2 -g -march=armv6 -ffunction-sections'
+ CFLAGS='-O2 -g -march=armv6 -ffunction-sections'
+ export 'LDFLAGS=-Wl,-Bsymbolic-functions -ffunction-sections'
+ LDFLAGS='-Wl,-Bsymbolic-functions -ffunction-sections'
+ BUILDTARGET=--host=armv6l-tizen-linux-gnueabi
+ autoreconf -i -f
aclocal-1.14: warning: couldn't open directory 'm4': No such file or directory
libtoolize: putting auxiliary files in `.'.
libtoolize: copying file `./ltmain.sh'
libtoolize: putting macros in AC_CONFIG_MACRO_DIR, `m4'.
libtoolize: copying file `m4/libtool.m4'
libtoolize: copying file `m4/ltoptions.m4'
libtoolize: copying file `m4/ltsugar.m4'
libtoolize: copying file `m4/ltversion.m4'
libtoolize: copying file `m4/lt~obsolete.m4'
configure.ac:14: installing './compile'
configure.ac:28: installing './config.guess'
configure.ac:28: installing './config.sub'
configure.ac:8: installing './install-sh'
configure.ac:8: installing './missing'
Makefile.am: installing './depcomp'
+ ./configure --disable-dependency-tracking --prefix=/usr --mandir=/usr/share/man --infodir=/usr/share/info --libdir=/usr/lib --sysconfdir=/etc --localstatedir=/var --with-lua --with-acl --with-cap --enable-shared --with-msm --host=armv6l-tizen-linux-gnueabi --build x86_64-pc-linux-gnu
configure: loading site script /usr/share/config.site
checking for a BSD-compatible install... /usr/bin/install -c
checking whether build environment is sane... yes
checking for armv6l-tizen-linux-gnueabi-strip... armv6l-tizen-linux-gnueabi-strip
checking for a thread-safe mkdir -p... /bin/mkdir -p
checking for gawk... gawk
checking whether make sets $(MAKE)... yes
checking whether make supports nested variables... yes
checking whether UID '1001' is supported by ustar format... yes
checking whether GID '100' is supported by ustar format... yes
checking how to create a ustar tar archive... gnutar
checking whether make supports nested variables... (cached) yes
checking for style of include used by make... GNU
checking for armv6l-tizen-linux-gnueabi-gcc... armv6l-tizen-linux-gnueabi-gcc
checking whether the C compiler works... yes
checking for C compiler default output file name... a.out
checking for suffix of executables... 
checking whether we are cross compiling... yes
checking for suffix of object files... o
checking whether we are using the GNU C compiler... yes
checking whether armv6l-tizen-linux-gnueabi-gcc accepts -g... yes
checking for armv6l-tizen-linux-gnueabi-gcc option to accept ISO C89... none needed
checking whether armv6l-tizen-linux-gnueabi-gcc understands -c and -o together... yes
checking dependency style of armv6l-tizen-linux-gnueabi-gcc... none
checking how to run the C preprocessor... armv6l-tizen-linux-gnueabi-gcc -E
checking for grep that handles long lines and -e... /bin/grep
checking for egrep... /bin/grep -E
checking for ANSI C header files... yes
checking for sys/types.h... yes
checking for sys/stat.h... yes
checking for stdlib.h... yes
checking for string.h... yes
checking for memory.h... yes
checking for strings.h... yes
checking for inttypes.h... yes
checking for stdint.h... yes
checking for unistd.h... yes
checking minix/config.h usability... no
checking minix/config.h presence... no
checking for minix/config.h... no
checking whether it is safe to define __EXTENSIONS__... yes
checking for armv6l-tizen-linux-gnueabi-pkg-config... /usr/bin/armv6l-tizen-linux-gnueabi-pkg-config
checking pkg-config is at least version 0.9.0... yes
checking for armv6l-tizen-linux-gnueabi-g++... armv6l-tizen-linux-gnueabi-g++
checking whether we are using the GNU C++ compiler... yes
checking whether armv6l-tizen-linux-gnueabi-g++ accepts -g... yes
checking dependency style of armv6l-tizen-linux-gnueabi-g++... none
checking for gawk... (cached) gawk
checking for armv6l-tizen-linux-gnueabi-gcc... (cached) armv6l-tizen-linux-gnueabi-gcc
checking whether we are using the GNU C compiler... (cached) yes
checking whether armv6l-tizen-linux-gnueabi-gcc accepts -g... (cached) yes
checking for armv6l-tizen-linux-gnueabi-gcc option to accept ISO C89... (cached) none needed
checking whether armv6l-tizen-linux-gnueabi-gcc understands -c and -o together... (cached) yes
checking dependency style of armv6l-tizen-linux-gnueabi-gcc... (cached) none
checking how to run the C preprocessor... armv6l-tizen-linux-gnueabi-gcc -E
checking whether ln -s works... yes
checking whether make sets $(MAKE)... (cached) yes
checking build system type... x86_64-pc-linux-gnu
checking host system type... armv6l-tizen-linux-gnueabi
checking how to print strings... printf
checking for a sed that does not truncate output... /bin/sed
checking for fgrep... /bin/grep -F
checking for ld used by armv6l-tizen-linux-gnueabi-gcc... /usr/libexec/gcc/armv6l-tizen-linux-gnueabi/ld
checking if the linker (/usr/libexec/gcc/armv6l-tizen-linux-gnueabi/ld) is GNU ld... yes
checking for BSD- or MS-compatible name lister (nm)... /usr/bin/armv6l-tizen-linux-gnueabi-nm -B
checking the name lister (/usr/bin/armv6l-tizen-linux-gnueabi-nm -B) interface... BSD nm
checking the maximum length of command line arguments... 1572864
checking whether the shell understands some XSI constructs... yes
checking whether the shell understands "+="... yes
checking how to convert x86_64-pc-linux-gnu file names to armv6l-tizen-linux-gnueabi format... func_convert_file_noop
checking how to convert x86_64-pc-linux-gnu file names to toolchain format... func_convert_file_noop
checking for /usr/libexec/gcc/armv6l-tizen-linux-gnueabi/ld option to reload object files... -r
checking for armv6l-tizen-linux-gnueabi-objdump... armv6l-tizen-linux-gnueabi-objdump
checking how to recognize dependent libraries... pass_all
checking for armv6l-tizen-linux-gnueabi-dlltool... no
checking for dlltool... no
checking how to associate runtime and link libraries... printf %s\n
checking for armv6l-tizen-linux-gnueabi-ar... armv6l-tizen-linux-gnueabi-ar
checking for archiver @FILE support... @
checking for armv6l-tizen-linux-gnueabi-strip... (cached) armv6l-tizen-linux-gnueabi-strip
checking for armv6l-tizen-linux-gnueabi-ranlib... armv6l-tizen-linux-gnueabi-ranlib
checking command to parse /usr/bin/armv6l-tizen-linux-gnueabi-nm -B output from armv6l-tizen-linux-gnueabi-gcc object... ok
checking for sysroot... no
checking for armv6l-tizen-linux-gnueabi-mt... no
checking for mt... no
checking if : is a manifest tool... no
checking for dlfcn.h... yes
checking for objdir... .libs
checking if armv6l-tizen-linux-gnueabi-gcc supports -fno-rtti -fno-exceptions... no
checking for armv6l-tizen-linux-gnueabi-gcc option to produce PIC... -fPIC -DPIC
checking if armv6l-tizen-linux-gnueabi-gcc PIC flag -fPIC -DPIC works... yes
checking if armv6l-tizen-linux-gnueabi-gcc static flag -static works... yes
checking if armv6l-tizen-linux-gnueabi-gcc supports -c -o file.o... yes
checking if armv6l-tizen-linux-gnueabi-gcc supports -c -o file.o... (cached) yes
checking whether the armv6l-tizen-linux-gnueabi-gcc linker (/usr/libexec/gcc/armv6l-tizen-linux-gnueabi/ld) supports shared libraries... yes
checking whether -lc should be explicitly linked in... no
checking dynamic linker characteristics... GNU/Linux ld.so
checking how to hardcode library paths into programs... immediate
checking whether stripping libraries is possible... yes
checking if libtool supports shared libraries... yes
checking whether to build shared libraries... yes
checking whether to build static libraries... no
checking how to run the C++ preprocessor... armv6l-tizen-linux-gnueabi-g++ -E
checking for ld used by armv6l-tizen-linux-gnueabi-g++... /usr/libexec/gcc/armv6l-tizen-linux-gnueabi/ld
checking if the linker (/usr/libexec/gcc/armv6l-tizen-linux-gnueabi/ld) is GNU ld... yes
checking whether the armv6l-tizen-linux-gnueabi-g++ linker (/usr/libexec/gcc/armv6l-tizen-linux-gnueabi/ld) supports shared libraries... yes
checking for armv6l-tizen-linux-gnueabi-g++ option to produce PIC... -fPIC -DPIC
checking if armv6l-tizen-linux-gnueabi-g++ PIC flag -fPIC -DPIC works... yes
checking if armv6l-tizen-linux-gnueabi-g++ static flag -static works... yes
checking if armv6l-tizen-linux-gnueabi-g++ supports -c -o file.o... yes
checking if armv6l-tizen-linux-gnueabi-g++ supports -c -o file.o... (cached) yes
checking whether the armv6l-tizen-linux-gnueabi-g++ linker (/usr/libexec/gcc/armv6l-tizen-linux-gnueabi/ld) supports shared libraries... yes
checking dynamic linker characteristics... (cached) GNU/Linux ld.so
checking how to hardcode library paths into programs... immediate
checking for bison... bison -y
checking for armv6l-tizen-linux-gnueabi-gcc option to accept ISO C99... -std=gnu99
checking supported compiler flags... 
checking for special C compiler options needed for large files... no
checking for _FILE_OFFSET_BITS value needed for large files... 64
checking POSIX chmod... yes
checking for armv6l-tizen-linux-gnueabi-ar... (cached) armv6l-tizen-linux-gnueabi-ar
checking for 7zip... /usr/bin/7za
checking for bzip2... /usr/bin/bzip2
checking for cat... /bin/cat
checking for chgrp... /bin/chgrp
checking for chmod... /bin/chmod
checking for chown... /bin/chown
checking for cp... /bin/cp
checking for cpio... /bin/cpio
checking for curl... /usr/bin/curl
checking for file... /usr/bin/file
checking for gpg... /usr/bin/gpg
checking for grep... /bin/grep
checking for gzip... /bin/gzip
checking for unzip... /usr/bin/unzip
checking for id... /usr/bin/id
checking for install... /usr/bin/install
checking for lrzip... /usr/bin/lrzip
checking for lzip... /usr/bin/lzip
checking for xz... /usr/bin/xz
checking for make... /usr/bin/make
checking for mkdir... /bin/mkdir
checking for mv... /bin/mv
checking for patch... /usr/bin/patch
checking for restorecon... /sbin/restorecon
checking old version of patch... patch later then 2.2 found
checking for perl... /usr/bin/perl
checking for pgp... /usr/bin/pgp
checking for python... /usr/bin/python
checking for rm... /bin/rm
checking for rsh... /usr/bin/rsh
checking for sed... /bin/sed
checking for semodule... /usr/bin/semodule
checking for ssh... /usr/bin/ssh
checking for tar... /bin/tar
checking for ld... /usr/bin/ld
checking for nm... /usr/bin/nm
checking for objcopy... /usr/bin/objcopy
checking for objdump... /usr/bin/objdump
checking for strip... /usr/bin/strip
checking for git... /usr/bin/git
checking for hg... /usr/bin/hg
checking for bzr... /usr/bin/bzr
checking for quilt... /usr/bin/quilt
checking for fakechroot... no
checking zlib.h usability... no
checking zlib.h presence... no
checking for zlib.h... no
configure: error: missing required header zlib.h
błąd: Błędny stan wyjścia z /var/tmp/rpm-tmp.YFiczI (%build)


Błędy budowania pakietu RPM:
    Błędny stan wyjścia z /var/tmp/rpm-tmp.YFiczI (%build)
